\BOOKMARK [1][-]{section.1}{\376\377\000P\000r\000e\000q\000u\000i\000s\000i\000t\000e\000s}{}% 1
\BOOKMARK [2][-]{subsection*.1}{\376\377\000U\000n\000i\000x\000\040\000e\000n\000v\000i\000r\000o\000n\000m\000e\000n\000t}{section.1}% 2
\BOOKMARK [2][-]{subsection*.2}{\376\377\000S\000e\000t\000\040\000u\000p\000\040\000y\000o\000u\000r\000\040\000s\000t\000a\000t\000-\0002\0001\0005\000-\000a\000\040\000r\000e\000p\000o\000s\000i\000t\000o\000r\000y}{section.1}% 3
\BOOKMARK [2][-]{subsection*.3}{\376\377\000O\000b\000t\000a\000i\000n\000\040\000l\000a\000b\000\040\000m\000a\000t\000e\000r\000i\000a\000l\000s}{section.1}% 4
\BOOKMARK [1][-]{section.2}{\376\377\000E\000n\000v\000i\000r\000o\000n\000m\000e\000n\000t\000\040\000s\000e\000t\000u\000p}{}% 5
\BOOKMARK [2][-]{subsection*.4}{\376\377\000C\000o\000n\000d\000a\000\040\000I\000n\000s\000t\000a\000l\000l\000a\000t\000i\000o\000n}{section.2}% 6
\BOOKMARK [2][-]{subsection*.5}{\376\377\000M\000a\000k\000i\000n\000g\000/\000u\000p\000d\000a\000t\000i\000n\000g\000\040\000a\000n\000\040\000e\000n\000v\000i\000r\000o\000n\000m\000e\000n\000t\000\040\000f\000r\000o\000m\000\040\000t\000h\000e\000\040\000l\000a\000b\000'\000s\000\040\000e\000n\000v\000i\000r\000o\000n\000m\000e\000n\000t\000.\000y\000a\000m\000l\000\040\000f\000i\000l\000e}{section.2}% 7
\BOOKMARK [2][-]{subsection*.6}{\376\377\000C\000h\000e\000c\000k\000i\000n\000g\000\040\000t\000h\000a\000t\000\040\000y\000o\000u\000r\000\040\000e\000n\000v\000i\000r\000o\000n\000m\000e\000n\000t\000\040\000w\000o\000r\000k\000s}{section.2}% 8
\BOOKMARK [2][-]{subsection*.7}{\376\377\000M\000a\000k\000i\000n\000g\000\040\000a\000\040\000c\000o\000n\000d\000a\000\040\000e\000n\000v\000i\000r\000o\000n\000m\000e\000n\000t\000\040\000f\000o\000r\000\040\000R}{section.2}% 9
\BOOKMARK [2][-]{subsection*.8}{\376\377\000M\000a\000c\000O\000S\000\040\000i\000s\000s\000u\000e\000s}{section.2}% 10
\BOOKMARK [1][-]{section.3}{\376\377\000D\000o\000\040\000t\000h\000e\000\040\000l\000a\000b}{}% 11
\BOOKMARK [2][-]{subsection*.9}{\376\377\000G\000e\000n\000e\000r\000a\000l\000\040\000r\000e\000p\000o\000r\000t\000-\000w\000r\000i\000t\000i\000n\000g\000\040\000g\000u\000i\000d\000e\000l\000i\000n\000e\000s}{section.3}% 12
\BOOKMARK [2][-]{subsection*.10}{\376\377\000F\000i\000g\000u\000r\000e\000\040\000g\000u\000i\000d\000e\000l\000i\000n\000e\000s}{section.3}% 13
\BOOKMARK [2][-]{subsection*.11}{\376\377\000J\000u\000p\000y\000t\000e\000r\000\040\000n\000o\000t\000e\000b\000o\000o\000k\000\040\000o\000r\000\040\000L\000a\000T\000e\000X}{section.3}% 14
\BOOKMARK [3][-]{subsubsection*.12}{\376\377\000L\000a\000T\000e\000X\000\040\000i\000n\000s\000t\000r\000u\000c\000t\000i\000o\000n\000s}{subsection*.11}% 15
\BOOKMARK [3][-]{subsubsection*.13}{\376\377\000J\000u\000p\000y\000t\000e\000r\000\040\000n\000o\000t\000e\000b\000o\000o\000k\000\040\000i\000n\000s\000t\000r\000u\000c\000t\000i\000o\000n\000s}{subsection*.11}% 16
\BOOKMARK [3][-]{subsubsection*.14}{\376\377\000N\000o\000\040\000c\000o\000d\000e\000\040\000i\000n\000\040\000P\000D\000F\000\040\000r\000e\000p\000o\000r\000t\000!}{subsection*.11}% 17
\BOOKMARK [2][-]{subsection*.15}{\376\377\000C\000o\000d\000i\000n\000g\000\040\000l\000a\000n\000g\000u\000a\000g\000e}{section.3}% 18
\BOOKMARK [3][-]{subsubsection*.16}{\376\377\000P\000r\000i\000m\000a\000r\000i\000l\000y\000\040\000i\000n\000\040\000P\000y\000t\000h\000o\000n\000!}{subsection*.15}% 19
\BOOKMARK [3][-]{subsubsection*.17}{\376\377\000I\000n\000t\000e\000r\000p\000l\000a\000y\000\040\000b\000e\000t\000w\000e\000e\000n\000\040\000R\000\040\000a\000n\000d\000\040\000P\000y\000t\000h\000o\000n}{subsection*.15}% 20
\BOOKMARK [3][-]{subsubsection*.18}{\376\377\000L\000o\000a\000d\000i\000n\000g\000\040\000f\000i\000g\000u\000r\000e\000s\000\040\000c\000r\000e\000a\000t\000e\000d\000\040\000i\000n\000\040\000R}{subsection*.15}% 21
\BOOKMARK [2][-]{subsection*.19}{\376\377\000C\000o\000d\000i\000n\000g\000\040\000r\000e\000q\000u\000i\000r\000e\000m\000e\000n\000t\000s}{section.3}% 22
\BOOKMARK [3][-]{subsubsection*.20}{\376\377\000L\000L\000M\000\040\000u\000s\000a\000g\000e\000\040\000r\000u\000l\000e\000s}{subsection*.19}% 23
\BOOKMARK [3][-]{subsubsection*.21}{\376\377\000S\000t\000y\000l\000e\000\040\000r\000e\000q\000u\000i\000r\000e\000m\000e\000n\000t\000s}{subsection*.19}% 24
\BOOKMARK [3][-]{subsubsection*.22}{\376\377\000D\000o\000c\000u\000m\000e\000n\000t\000a\000t\000i\000o\000n\000\040\000r\000e\000q\000u\000i\000r\000e\000m\000e\000n\000t\000s\000:\000\040\000c\000o\000m\000m\000e\000n\000t\000s\000\040\000a\000n\000d\000\040\000d\000o\000c\000s\000t\000r\000i\000n\000g\000s}{subsection*.19}% 25
\BOOKMARK [1][-]{section.4}{\376\377\000S\000u\000b\000m\000i\000s\000s\000i\000o\000n\000\040\000R\000e\000q\000u\000i\000r\000e\000m\000e\000n\000t\000s}{}% 26
\BOOKMARK [2][-]{subsection*.23}{\376\377\000R\000e\000p\000o\000r\000t\000\040\000l\000e\000n\000g\000t\000h}{section.4}% 27
\BOOKMARK [2][-]{subsection*.24}{\376\377\000L\000a\000b\000\040\000f\000o\000l\000d\000e\000r\000\040\000s\000t\000r\000u\000c\000t\000u\000r\000e}{section.4}% 28
\BOOKMARK [2][-]{subsection*.25}{\376\377\000N\000o\000\040\000n\000a\000m\000e\000\040\000o\000r\000\040\000i\000d\000e\000n\000t\000i\000f\000y\000i\000n\000g\000\040\000i\000n\000f\000o\000r\000m\000a\000t\000i\000o\000n}{section.4}% 29
\BOOKMARK [2][-]{subsection*.26}{\376\377\000R\000e\000p\000r\000o\000d\000u\000c\000i\000b\000i\000l\000i\000t\000y}{section.4}% 30
\BOOKMARK [3][-]{subsubsection*.27}{\376\377\000e\000n\000v\000i\000r\000o\000n\000m\000e\000n\000t\000.\000y\000a\000m\000l}{subsection*.26}% 31
\BOOKMARK [3][-]{subsubsection*.28}{\376\377\000r\000u\000n\000.\000s\000h}{subsection*.26}% 32
